c:\users\hung\documents\visual studio 2013\projects\group9_mock_pex\group9_mock_pex\debug\group9_mock_pex.pch
c:\users\hung\documents\visual studio 2013\projects\group9_mock_pex\group9_mock_pex\debug\vc120.pdb
c:\users\hung\documents\visual studio 2013\projects\group9_mock_pex\group9_mock_pex\debug\vc120.idb
c:\users\hung\documents\visual studio 2013\projects\group9_mock_pex\group9_mock_pex\debug\stdafx.obj
c:\users\hung\documents\visual studio 2013\projects\group9_mock_pex\group9_mock_pex\debug\group9_mock_pex.obj
c:\users\hung\documents\visual studio 2013\projects\group9_mock_pex\group9_mock_pex\debug\group9_mock_pexdoc.obj
c:\users\hung\documents\visual studio 2013\projects\group9_mock_pex\group9_mock_pex\debug\group9_mock_pexview.obj
c:\users\hung\documents\visual studio 2013\projects\group9_mock_pex\group9_mock_pex\debug\mainfrm.obj
c:\users\hung\documents\visual studio 2013\projects\group9_mock_pex\group9_mock_pex\debug\bitmap.obj
c:\users\hung\documents\visual studio 2013\projects\group9_mock_pex\group9_mock_pex\debug\hdc_controller.obj
c:\users\hung\documents\visual studio 2013\projects\group9_mock_pex\group9_mock_pex\debug\bitmapex.obj
c:\users\hung\documents\visual studio 2013\projects\group9_mock_pex\group9_mock_pex\debug\hdcctrl.obj
c:\users\hung\documents\visual studio 2013\projects\group9_mock_pex\group9_mock_pex\debug\point.obj
c:\users\hung\documents\visual studio 2013\projects\group9_mock_pex\group9_mock_pex\debug\event_processing.obj
c:\users\hung\documents\visual studio 2013\projects\group9_mock_pex\debug\group9_mock_pex.ilk
c:\users\hung\documents\visual studio 2013\projects\group9_mock_pex\debug\group9_mock_pex.exe
c:\users\hung\documents\visual studio 2013\projects\group9_mock_pex\debug\group9_mock_pex.pdb
c:\users\hung\documents\visual studio 2013\projects\group9_mock_pex\group9_mock_pex\debug\group9_mock_pex.res
c:\users\hung\documents\visual studio 2013\projects\group9_mock_pex\group9_mock_pex\debug\group9_mock_pex.tlog\cl.command.1.tlog
c:\users\hung\documents\visual studio 2013\projects\group9_mock_pex\group9_mock_pex\debug\group9_mock_pex.tlog\cl.read.1.tlog
c:\users\hung\documents\visual studio 2013\projects\group9_mock_pex\group9_mock_pex\debug\group9_mock_pex.tlog\cl.write.1.tlog
c:\users\hung\documents\visual studio 2013\projects\group9_mock_pex\group9_mock_pex\debug\group9_mock_pex.tlog\link.command.1.tlog
c:\users\hung\documents\visual studio 2013\projects\group9_mock_pex\group9_mock_pex\debug\group9_mock_pex.tlog\link.read.1.tlog
c:\users\hung\documents\visual studio 2013\projects\group9_mock_pex\group9_mock_pex\debug\group9_mock_pex.tlog\link.write.1.tlog
c:\users\hung\documents\visual studio 2013\projects\group9_mock_pex\group9_mock_pex\debug\group9_mock_pex.tlog\rc.command.1.tlog
c:\users\hung\documents\visual studio 2013\projects\group9_mock_pex\group9_mock_pex\debug\group9_mock_pex.tlog\rc.read.1.tlog
c:\users\hung\documents\visual studio 2013\projects\group9_mock_pex\group9_mock_pex\debug\group9_mock_pex.tlog\rc.write.1.tlog
