Build started 8/4/2016 3:07:20 PM.
     1>Project "C:\Users\NguyenThi\Desktop\Group9_Mock_PEX\Group9_Mock_PEX.vcxproj" on node 2 (Build target(s)).
     1>ClCompile:
         C:\Program Files (x86)\Microsoft Visual Studio 12.0\VC\bin\CL.exe /c /ZI /nologo /W3 /WX- /sdl /Od /Oy- /D WIN32 /D _WINDOWS /D _DEBUG /D _UNICODE /D UNICODE /Gm /EHsc /RTC1 /MTd /GS /fp:precise /Zc:wchar_t /Zc:forScope /Yu"stdafx.h" /Fp"Debug\Group9_Mock_PEX.pch" /Fo"Debug\\" /Fd"Debug\vc120.pdb" /Gd /TP /analyze- /errorReport:prompt Group9_Mock_PEX.cpp Group9_Mock_PEXView.cpp LineEx.cpp RectangleEx.cpp ShapeEx.cpp event_processing.cpp
         ShapeEx.cpp
         Generating Code...
         Skipping... (no relevant changes detected)
         event_processing.cpp
         RectangleEx.cpp
         LineEx.cpp
         Group9_Mock_PEXView.cpp
         Group9_Mock_PEX.cpp
       Link:
         C:\Program Files (x86)\Microsoft Visual Studio 12.0\VC\bin\link.exe /ERRORREPORT:PROMPT /OUT:"C:\Users\NguyenThi\Desktop\Group9_Mock_PEX\Debug\Group9_Mock_PEX.exe" /INCREMENTAL /NOLOGO /MANIFEST /MANIFESTUAC:"level='asInvoker' uiAccess='false'" /manifest:embed /manifestinput:"C:\Program Files (x86)\Microsoft Visual Studio 12.0\VC\Include\Manifest\dpiaware.manifest" /DEBUG /PDB:"C:\Users\NguyenThi\Desktop\Group9_Mock_PEX\Debug\Group9_Mock_PEX.pdb" /SUBSYSTEM:WINDOWS /TLBID:1 /ENTRY:"wWinMainCRTStartup" /DYNAMICBASE /NXCOMPAT /IMPLIB:"C:\Users\NguyenThi\Desktop\Group9_Mock_PEX\Debug\Group9_Mock_PEX.lib" /MACHINE:X86 Debug\Group9_Mock_PEX.res
         Debug\bitmap.obj
         Debug\event_processing.obj
         Debug\Group9_Mock_PEX.obj
         Debug\Group9_Mock_PEXDoc.obj
         Debug\Group9_Mock_PEXView.obj
         Debug\hdc_controller.obj
         Debug\LineEx.obj
         Debug\MainFrm.obj
         Debug\mouse_moving.obj
         Debug\RectangleEx.obj
         Debug\ShapeEx.obj
         Debug\stdafx.obj
         Group9_Mock_PEX.vcxproj -> C:\Users\NguyenThi\Desktop\Group9_Mock_PEX\Debug\Group9_Mock_PEX.exe
     1>Done Building Project "C:\Users\NguyenThi\Desktop\Group9_Mock_PEX\Group9_Mock_PEX.vcxproj" (Build target(s)).

Build succeeded.

Time Elapsed 00:00:00.76
