Build started 8/3/2016 5:08:16 PM.
     1>Project "C:\Users\hung\Documents\visual studio 2013\Projects\Group9_Mock_PEX\Group9_Mock_PEX\Group9_Mock_PEX.vcxproj" on node 2 (Build target(s)).
     1>ClCompile:
         C:\Program Files (x86)\Microsoft Visual Studio 12.0\VC\bin\CL.exe /c /Zi /nologo /W3 /WX- /sdl /O2 /Oi /Oy- /GL /D WIN32 /D _WINDOWS /D NDEBUG /D _UNICODE /D UNICODE /Gm- /EHsc /MT /GS /Gy /fp:precise /Zc:wchar_t /Zc:forScope /Yu"stdafx.h" /Fp"Release\Group9_Mock_PEX.pch" /Fo"Release\\" /Fd"Release\vc120.pdb" /Gd /TP /analyze- /errorReport:prompt Group9_Mock_PEXView.cpp
         Group9_Mock_PEXView.cpp
       Link:
         C:\Program Files (x86)\Microsoft Visual Studio 12.0\VC\bin\link.exe /ERRORREPORT:PROMPT /OUT:"C:\Users\hung\Documents\Visual Studio 2013\Projects\Group9_Mock_PEX\Release\Group9_Mock_PEX.exe" /INCREMENTAL:NO /NOLOGO /MANIFEST /MANIFESTUAC:"level='asInvoker' uiAccess='false'" /manifest:embed /manifestinput:"C:\Program Files (x86)\Microsoft Visual Studio 12.0\VC\Include\Manifest\dpiaware.manifest" /DEBUG /PDB:"C:\Users\hung\Documents\Visual Studio 2013\Projects\Group9_Mock_PEX\Release\Group9_Mock_PEX.pdb" /SUBSYSTEM:WINDOWS /OPT:REF /OPT:ICF /LTCG /TLBID:1 /ENTRY:"wWinMainCRTStartup" /DYNAMICBASE /NXCOMPAT /IMPLIB:"C:\Users\hung\Documents\Visual Studio 2013\Projects\Group9_Mock_PEX\Release\Group9_Mock_PEX.lib" /MACHINE:X86 /SAFESEH Release\Group9_Mock_PEX.res
         Release\bitmap.obj
         Release\event_processing.obj
         Release\Group9_Mock_PEX.obj
         Release\Group9_Mock_PEXDoc.obj
         Release\Group9_Mock_PEXView.obj
         Release\hdc_controller.obj
         Release\MainFrm.obj
         Release\mouse_moving.obj
         Release\stdafx.obj
         Generating code
         Finished generating code
         Group9_Mock_PEX.vcxproj -> C:\Users\hung\Documents\Visual Studio 2013\Projects\Group9_Mock_PEX\Release\Group9_Mock_PEX.exe
     1>Done Building Project "C:\Users\hung\Documents\visual studio 2013\Projects\Group9_Mock_PEX\Group9_Mock_PEX\Group9_Mock_PEX.vcxproj" (Build target(s)).

Build succeeded.

Time Elapsed 00:00:04.51
