c:\users\hung\documents\visual studio 2013\projects\group9_mock_pex\group9_mock_pex\release\group9_mock_pex.pch
c:\users\hung\documents\visual studio 2013\projects\group9_mock_pex\group9_mock_pex\release\vc120.pdb
c:\users\hung\documents\visual studio 2013\projects\group9_mock_pex\group9_mock_pex\release\stdafx.obj
c:\users\hung\documents\visual studio 2013\projects\group9_mock_pex\group9_mock_pex\release\mouse_moving.obj
c:\users\hung\documents\visual studio 2013\projects\group9_mock_pex\group9_mock_pex\release\mainfrm.obj
c:\users\hung\documents\visual studio 2013\projects\group9_mock_pex\group9_mock_pex\release\hdc_controller.obj
c:\users\hung\documents\visual studio 2013\projects\group9_mock_pex\group9_mock_pex\release\group9_mock_pexview.obj
c:\users\hung\documents\visual studio 2013\projects\group9_mock_pex\group9_mock_pex\release\group9_mock_pexdoc.obj
c:\users\hung\documents\visual studio 2013\projects\group9_mock_pex\group9_mock_pex\release\group9_mock_pex.obj
c:\users\hung\documents\visual studio 2013\projects\group9_mock_pex\group9_mock_pex\release\event_processing.obj
c:\users\hung\documents\visual studio 2013\projects\group9_mock_pex\group9_mock_pex\release\bitmap.obj
c:\users\hung\documents\visual studio 2013\projects\group9_mock_pex\release\group9_mock_pex.exe
c:\users\hung\documents\visual studio 2013\projects\group9_mock_pex\release\group9_mock_pex.pdb
c:\users\hung\documents\visual studio 2013\projects\group9_mock_pex\group9_mock_pex\release\group9_mock_pex.res
c:\users\hung\documents\visual studio 2013\projects\group9_mock_pex\group9_mock_pex\release\group9_mock_pex.tlog\cl.command.1.tlog
c:\users\hung\documents\visual studio 2013\projects\group9_mock_pex\group9_mock_pex\release\group9_mock_pex.tlog\cl.read.1.tlog
c:\users\hung\documents\visual studio 2013\projects\group9_mock_pex\group9_mock_pex\release\group9_mock_pex.tlog\cl.write.1.tlog
c:\users\hung\documents\visual studio 2013\projects\group9_mock_pex\group9_mock_pex\release\group9_mock_pex.tlog\link.command.1.tlog
c:\users\hung\documents\visual studio 2013\projects\group9_mock_pex\group9_mock_pex\release\group9_mock_pex.tlog\link.read.1.tlog
c:\users\hung\documents\visual studio 2013\projects\group9_mock_pex\group9_mock_pex\release\group9_mock_pex.tlog\link.write.1.tlog
c:\users\hung\documents\visual studio 2013\projects\group9_mock_pex\group9_mock_pex\release\group9_mock_pex.tlog\rc.command.1.tlog
c:\users\hung\documents\visual studio 2013\projects\group9_mock_pex\group9_mock_pex\release\group9_mock_pex.tlog\rc.read.1.tlog
c:\users\hung\documents\visual studio 2013\projects\group9_mock_pex\group9_mock_pex\release\group9_mock_pex.tlog\rc.write.1.tlog
